2021-11-01 17:26:23,528 - opfython.stream.splitter — INFO — Splitting data ...
2021-11-01 17:27:11,694 - opfython.stream.splitter — INFO — Splitting data ...
2021-11-01 17:28:34,265 - opfython.stream.splitter — INFO — Splitting data ...
2021-11-01 17:30:18,705 - opfython.stream.splitter — INFO — Splitting data ...
2021-11-01 17:30:28,366 - opfython.stream.splitter — INFO — Splitting data ...
2021-11-01 17:34:22,081 - opfython.stream.splitter — INFO — Splitting data ...
2021-11-01 17:35:18,881 - opfython.stream.splitter — INFO — Splitting data ...
2021-11-01 17:35:30,857 - opfython.stream.splitter — INFO — Splitting data ...
2021-11-01 17:37:29,580 - opfython.stream.splitter — INFO — Splitting data ...
2021-11-01 17:38:24,436 - opfython.stream.splitter — INFO — Splitting data ...
2021-11-01 17:39:25,544 - opfython.stream.splitter — INFO — Splitting data ...
2021-11-01 17:39:25,545 - opfython.stream.splitter — DEBUG — X_1: (79, 9) | X_2: (27, 9) | Y_1: (79, 1) | Y_2: (27, 1).
2021-11-01 17:39:25,546 - opfython.stream.splitter — INFO — Data splitted.
2021-11-01 17:40:15,560 - opfython.stream.splitter — INFO — Splitting data ...
2021-11-01 17:40:15,564 - opfython.stream.splitter — DEBUG — X_1: (79, 9) | X_2: (27, 9) | Y_1: (79, 1) | Y_2: (27, 1).
2021-11-01 17:40:15,566 - opfython.stream.splitter — INFO — Data splitted.
2021-11-01 17:40:47,104 - opfython.stream.splitter — INFO — Splitting data ...
2021-11-01 17:40:47,105 - opfython.stream.splitter — DEBUG — X_1: (79, 9) | X_2: (27, 9) | Y_1: (79, 1) | Y_2: (27, 1).
2021-11-01 17:40:47,105 - opfython.stream.splitter — INFO — Data splitted.
2021-11-01 17:41:57,576 - opfython.stream.splitter — INFO — Splitting data ...
2021-11-01 17:41:57,578 - opfython.stream.splitter — DEBUG — X_1: (79, 9) | X_2: (27, 9) | Y_1: (79, 1) | Y_2: (27, 1).
2021-11-01 17:41:57,579 - opfython.stream.splitter — INFO — Data splitted.
2021-11-01 17:42:27,933 - opfython.models.supervised — INFO — Overriding class: OPF -> SupervisedOPF.
2021-11-01 17:42:27,935 - opfython.core.opf — INFO — Creating class: OPF.
2021-11-01 17:42:27,935 - opfython.core.opf — DEBUG — Distance: log_squared_euclidean | Pre-computed distance: False.
2021-11-01 17:42:27,936 - opfython.core.opf — INFO — Class created.
2021-11-01 17:42:27,936 - opfython.models.supervised — INFO — Class overrided.
2021-11-01 17:42:35,687 - opfython.models.supervised — INFO — Overriding class: OPF -> SupervisedOPF.
2021-11-01 17:42:35,689 - opfython.core.opf — INFO — Creating class: OPF.
2021-11-01 17:42:35,690 - opfython.core.opf — DEBUG — Distance: log_squared_euclidean | Pre-computed distance: False.
2021-11-01 17:42:35,691 - opfython.core.opf — INFO — Class created.
2021-11-01 17:42:35,691 - opfython.models.supervised — INFO — Class overrided.
2021-11-01 17:42:35,692 - opfython.models.supervised — INFO — Fitting classifier ...
2021-11-01 17:42:35,692 - opfython.utils.exception — ERROR — TypeError: `label` should be an integer.
2021-11-01 17:43:35,203 - opfython.stream.splitter — INFO — Splitting data ...
2021-11-01 17:43:35,204 - opfython.stream.splitter — DEBUG — X_1: (79, 9) | X_2: (27, 9) | Y_1: (79,) | Y_2: (27,).
2021-11-01 17:43:35,205 - opfython.stream.splitter — INFO — Data splitted.
2021-11-01 17:43:35,903 - opfython.models.supervised — INFO — Overriding class: OPF -> SupervisedOPF.
2021-11-01 17:43:35,905 - opfython.core.opf — INFO — Creating class: OPF.
2021-11-01 17:43:35,908 - opfython.core.opf — DEBUG — Distance: log_squared_euclidean | Pre-computed distance: False.
2021-11-01 17:43:35,911 - opfython.core.opf — INFO — Class created.
2021-11-01 17:43:35,913 - opfython.models.supervised — INFO — Class overrided.
2021-11-01 17:43:35,914 - opfython.models.supervised — INFO — Fitting classifier ...
2021-11-01 19:58:58,989 - opfython.models.supervised — INFO — Overriding class: OPF -> SupervisedOPF.
2021-11-01 19:58:58,990 - opfython.core.opf — INFO — Creating class: OPF.
2021-11-01 19:58:58,991 - opfython.core.opf — DEBUG — Distance: log_squared_euclidean | Pre-computed distance: False.
2021-11-01 19:58:58,991 - opfython.core.opf — INFO — Class created.
2021-11-01 19:58:58,992 - opfython.models.supervised — INFO — Class overrided.
2021-11-01 19:58:58,992 - opfython.models.supervised — INFO — Fitting classifier ...
2021-11-01 19:58:58,993 - opfython.models.supervised — DEBUG — Finding prototypes ...
2021-11-01 19:58:59,145 - opfython.models.supervised — DEBUG — Prototypes: [17, 65, 1, 74, 21, 61, 12, 8, 13, 58, 51, 3, 2, 27, 68, 59, 67, 37, 33, 45, 25, 10, 63, 57, 70, 7, 6, 46, 49, 23, 22, 30, 44, 77, 53, 72, 18, 75, 35, 19, 64, 26, 41, 16, 24, 47, 15, 36, 11, 5, 39].
2021-11-01 19:58:59,153 - opfython.models.supervised — INFO — Classifier has been fitted.
2021-11-01 19:58:59,153 - opfython.models.supervised — INFO — Training time: 0.16049695014953613 seconds.
2021-11-01 19:58:59,154 - opfython.models.supervised — INFO — Predicting data ...
2021-11-01 19:58:59,162 - opfython.models.supervised — INFO — Data has been predicted.
2021-11-01 19:58:59,163 - opfython.models.supervised — INFO — Prediction time: 0.006992340087890625 seconds.
2021-11-01 20:18:16,245 - opfython.stream.splitter — INFO — Splitting data ...
2021-11-01 20:18:16,251 - opfython.stream.splitter — DEBUG — X_1: (79, 9) | X_2: (27, 9) | Y_1: (79,) | Y_2: (27,).
2021-11-01 20:18:16,251 - opfython.stream.splitter — INFO — Data splitted.
2021-11-01 20:18:17,859 - opfython.models.supervised — INFO — Overriding class: OPF -> SupervisedOPF.
2021-11-01 20:18:17,861 - opfython.core.opf — INFO — Creating class: OPF.
2021-11-01 20:18:17,863 - opfython.core.opf — DEBUG — Distance: log_squared_euclidean | Pre-computed distance: False.
2021-11-01 20:18:17,866 - opfython.core.opf — INFO — Class created.
2021-11-01 20:18:17,868 - opfython.models.supervised — INFO — Class overrided.
2021-11-01 20:18:17,870 - opfython.models.supervised — INFO — Fitting classifier ...
2021-11-01 20:18:17,873 - opfython.models.supervised — DEBUG — Finding prototypes ...
2021-11-01 20:18:17,954 - opfython.models.supervised — DEBUG — Prototypes: [17, 65, 1, 74, 21, 61, 12, 8, 13, 58, 51, 3, 2, 27, 68, 59, 67, 37, 33, 45, 25, 10, 63, 57, 70, 7, 6, 46, 49, 23, 22, 30, 44, 77, 53, 72, 18, 75, 35, 19, 64, 26, 41, 16, 24, 47, 15, 36, 11, 5, 39].
2021-11-01 20:18:17,962 - opfython.models.supervised — INFO — Classifier has been fitted.
2021-11-01 20:18:17,962 - opfython.models.supervised — INFO — Training time: 0.09013700485229492 seconds.
2021-11-01 20:18:17,963 - opfython.models.supervised — INFO — Predicting data ...
2021-11-01 20:18:17,970 - opfython.models.supervised — INFO — Data has been predicted.
2021-11-01 20:18:17,971 - opfython.models.supervised — INFO — Prediction time: 0.006876707077026367 seconds.
